<?xml version="1.0" encoding="UTF-8"?>
<testsuite xmlns:xsi="http://www.w3.org/2001/XMLSchema-instance" xsi:noNamespaceSchemaLocation="https://maven.apache.org/surefire/maven-surefire-plugin/xsd/surefire-test-report.xsd" version="3.0.1" name="com.vli.backend.TeamDatabaseTest" time="0.494" tests="8" errors="0" skipped="0" failures="0">
  <properties>
    <property name="java.specification.version" value="17"/>
    <property name="sun.jnu.encoding" value="UTF-8"/>
    <property name="java.class.path" value="/Users/vincentli/projects/fantasy-projector/target/test-classes:/Users/vincentli/projects/fantasy-projector/target/classes:/Users/vincentli/.m2/repository/org/junit/jupiter/junit-jupiter-api/5.11.0/junit-jupiter-api-5.11.0.jar:/Users/vincentli/.m2/repository/org/opentest4j/opentest4j/1.3.0/opentest4j-1.3.0.jar:/Users/vincentli/.m2/repository/org/junit/platform/junit-platform-commons/1.11.0/junit-platform-commons-1.11.0.jar:/Users/vincentli/.m2/repository/org/apiguardian/apiguardian-api/1.1.2/apiguardian-api-1.1.2.jar:/Users/vincentli/.m2/repository/org/junit/jupiter/junit-jupiter-params/5.11.0/junit-jupiter-params-5.11.0.jar:/Users/vincentli/.m2/repository/org/json/json/20240303/json-20240303.jar:/Users/vincentli/.m2/repository/org/mockito/mockito-core/5.14.1/mockito-core-5.14.1.jar:/Users/vincentli/.m2/repository/net/bytebuddy/byte-buddy/1.15.3/byte-buddy-1.15.3.jar:/Users/vincentli/.m2/repository/net/bytebuddy/byte-buddy-agent/1.15.3/byte-buddy-agent-1.15.3.jar:/Users/vincentli/.m2/repository/org/objenesis/objenesis/3.3/objenesis-3.3.jar:"/>
    <property name="java.vm.vendor" value="Eclipse Adoptium"/>
    <property name="sun.arch.data.model" value="64"/>
    <property name="java.vendor.url" value="https://adoptium.net/"/>
    <property name="user.timezone" value="America/Chicago"/>
    <property name="os.name" value="Mac OS X"/>
    <property name="java.vm.specification.version" value="17"/>
    <property name="sun.java.launcher" value="SUN_STANDARD"/>
    <property name="user.country" value="US"/>
    <property name="sun.boot.library.path" value="/Library/Java/JavaVirtualMachines/temurin-17.jdk/Contents/Home/lib"/>
    <property name="sun.java.command" value="/Users/vincentli/projects/fantasy-projector/target/surefire/surefirebooter-20241010200402314_3.jar /Users/vincentli/projects/fantasy-projector/target/surefire 2024-10-10T20-04-02_265-jvmRun1 surefire-20241010200402314_1tmp surefire_0-20241010200402314_2tmp"/>
    <property name="http.nonProxyHosts" value="local|*.local|169.254/16|*.169.254/16"/>
    <property name="jdk.debug" value="release"/>
    <property name="surefire.test.class.path" value="/Users/vincentli/projects/fantasy-projector/target/test-classes:/Users/vincentli/projects/fantasy-projector/target/classes:/Users/vincentli/.m2/repository/org/junit/jupiter/junit-jupiter-api/5.11.0/junit-jupiter-api-5.11.0.jar:/Users/vincentli/.m2/repository/org/opentest4j/opentest4j/1.3.0/opentest4j-1.3.0.jar:/Users/vincentli/.m2/repository/org/junit/platform/junit-platform-commons/1.11.0/junit-platform-commons-1.11.0.jar:/Users/vincentli/.m2/repository/org/apiguardian/apiguardian-api/1.1.2/apiguardian-api-1.1.2.jar:/Users/vincentli/.m2/repository/org/junit/jupiter/junit-jupiter-params/5.11.0/junit-jupiter-params-5.11.0.jar:/Users/vincentli/.m2/repository/org/json/json/20240303/json-20240303.jar:/Users/vincentli/.m2/repository/org/mockito/mockito-core/5.14.1/mockito-core-5.14.1.jar:/Users/vincentli/.m2/repository/net/bytebuddy/byte-buddy/1.15.3/byte-buddy-1.15.3.jar:/Users/vincentli/.m2/repository/net/bytebuddy/byte-buddy-agent/1.15.3/byte-buddy-agent-1.15.3.jar:/Users/vincentli/.m2/repository/org/objenesis/objenesis/3.3/objenesis-3.3.jar:"/>
    <property name="sun.cpu.endian" value="little"/>
    <property name="user.home" value="/Users/vincentli"/>
    <property name="user.language" value="en"/>
    <property name="java.specification.vendor" value="Oracle Corporation"/>
    <property name="java.version.date" value="2023-08-24"/>
    <property name="java.home" value="/Library/Java/JavaVirtualMachines/temurin-17.jdk/Contents/Home"/>
    <property name="file.separator" value="/"/>
    <property name="basedir" value="/Users/vincentli/projects/fantasy-projector"/>
    <property name="java.vm.compressedOopsMode" value="Zero based"/>
    <property name="line.separator" value="&#10;"/>
    <property name="java.specification.name" value="Java Platform API Specification"/>
    <property name="java.vm.specification.vendor" value="Oracle Corporation"/>
    <property name="surefire.real.class.path" value="/Users/vincentli/projects/fantasy-projector/target/surefire/surefirebooter-20241010200402314_3.jar"/>
    <property name="sun.management.compiler" value="HotSpot 64-Bit Tiered Compilers"/>
    <property name="ftp.nonProxyHosts" value="local|*.local|169.254/16|*.169.254/16"/>
    <property name="java.runtime.version" value="17.0.8.1+1"/>
    <property name="user.name" value="vincentli"/>
    <property name="path.separator" value=":"/>
    <property name="os.version" value="13.4.1"/>
    <property name="java.runtime.name" value="OpenJDK Runtime Environment"/>
    <property name="file.encoding" value="UTF-8"/>
    <property name="java.vm.name" value="OpenJDK 64-Bit Server VM"/>
    <property name="java.vendor.version" value="Temurin-17.0.8.1+1"/>
    <property name="localRepository" value="/Users/vincentli/.m2/repository"/>
    <property name="java.vendor.url.bug" value="https://github.com/adoptium/adoptium-support/issues"/>
    <property name="java.io.tmpdir" value="/var/folders/lc/l_qtfw9d5mn9db6t4_p26n_40000gn/T/"/>
    <property name="java.version" value="17.0.8.1"/>
    <property name="user.dir" value="/Users/vincentli/projects/fantasy-projector"/>
    <property name="os.arch" value="aarch64"/>
    <property name="java.vm.specification.name" value="Java Virtual Machine Specification"/>
    <property name="native.encoding" value="UTF-8"/>
    <property name="java.library.path" value="/Users/vincentli/Library/Java/Extensions:/Library/Java/Extensions:/Network/Library/Java/Extensions:/System/Library/Java/Extensions:/usr/lib/java:."/>
    <property name="java.vm.info" value="mixed mode"/>
    <property name="java.vendor" value="Eclipse Adoptium"/>
    <property name="java.vm.version" value="17.0.8.1+1"/>
    <property name="sun.io.unicode.encoding" value="UnicodeBig"/>
    <property name="socksNonProxyHosts" value="local|*.local|169.254/16|*.169.254/16"/>
    <property name="java.class.version" value="61.0"/>
  </properties>
  <testcase name="testAddTeam" classname="com.vli.backend.TeamDatabaseTest" time="0.003"/>
  <testcase name="testClear" classname="com.vli.backend.TeamDatabaseTest" time="0.001"/>
  <testcase name="testGetDatabase" classname="com.vli.backend.TeamDatabaseTest" time="0.001"/>
  <testcase name="testUpdateTeam" classname="com.vli.backend.TeamDatabaseTest" time="0.002"/>
  <testcase name="testGetNonexistentTeam" classname="com.vli.backend.TeamDatabaseTest" time="0.001"/>
  <testcase name="testGetTeam" classname="com.vli.backend.TeamDatabaseTest" time="0.001"/>
  <testcase name="testDatabaseIsSingleton" classname="com.vli.backend.TeamDatabaseTest" time="0.001"/>
  <testcase name="testDeleteTeam" classname="com.vli.backend.TeamDatabaseTest" time="0.001"/>
</testsuite>